2024-08-23 19:54:13,192 INFO [restartedMain] o.e.l.LibrarySystemApplication - Starting LibrarySystemApplication using Java 11 on DESKTOP-IMMUUVL with PID 17056 (D:\ideaproject\library\service\target\classes started by pc in D:\ideaproject\library)
2024-08-23 19:54:13,194 INFO [restartedMain] o.e.l.LibrarySystemApplication - The following 1 profile is active: "dev"
2024-08-23 19:54:13,224 INFO [restartedMain] o.s.b.d.e.DevToolsPropertyDefaultsPostProcessor - Devtools property defaults active! Set 'spring.devtools.add-properties' to 'false' to disable
2024-08-23 19:54:13,225 INFO [restartedMain] o.s.b.d.e.DevToolsPropertyDefaultsPostProcessor - For additional web related logging consider setting the 'logging.level.web' property to 'DEBUG'
2024-08-23 19:54:13,696 INFO [restartedMain] o.s.d.r.c.RepositoryConfigurationDelegate - Multiple Spring Data modules found, entering strict repository configuration mode
2024-08-23 19:54:13,697 INFO [restartedMain] o.s.d.r.c.RepositoryConfigurationDelegate - Bootstrapping Spring Data Redis repositories in DEFAULT mode.
2024-08-23 19:54:13,710 INFO [restartedMain] o.s.d.r.c.RepositoryConfigurationDelegate - Finished Spring Data repository scanning in 4 ms. Found 0 Redis repository interfaces.
2024-08-23 19:54:13,808 WARN [restartedMain] o.m.s.m.ClassPathMapperScanner - No MyBatis mapper was found in '[org.example.librarysystem]' package. Please check your configuration.
2024-08-23 19:54:14,133 INFO [restartedMain] o.s.b.w.e.t.TomcatWebServer - Tomcat initialized with port(s): 8686 (http)
2024-08-23 19:54:14,139 INFO [restartedMain] o.a.c.h.Http11NioProtocol - Initializing ProtocolHandler ["http-nio-8686"]
2024-08-23 19:54:14,140 INFO [restartedMain] o.a.c.c.StandardService - Starting service [Tomcat]
2024-08-23 19:54:14,140 INFO [restartedMain] o.a.c.c.StandardEngine - Starting Servlet engine: [Apache Tomcat/9.0.68]
2024-08-23 19:54:14,201 INFO [restartedMain] o.a.c.c.C.[.[.[/] - Initializing Spring embedded WebApplicationContext
2024-08-23 19:54:14,201 INFO [restartedMain] o.s.b.w.s.c.ServletWebServerApplicationContext - Root WebApplicationContext: initialization completed in 975 ms
2024-08-23 19:54:14,378 INFO [restartedMain] o.s.b.a.w.s.WelcomePageHandlerMapping - Adding welcome page: class path resource [static/index.html]
2024-08-23 19:54:15,346 WARN [restartedMain] o.s.b.a.s.s.UserDetailsServiceAutoConfiguration - 

Using generated security password: f8332a42-22f2-4d3f-8dcf-9b68d89f3706

This generated password is for development use only. Your security configuration must be updated before running your application in production.

2024-08-23 19:54:15,420 INFO [restartedMain] o.s.s.w.DefaultSecurityFilterChain - Will secure any request with [org.springframework.security.web.context.request.async.WebAsyncManagerIntegrationFilter@72238a3a, org.springframework.security.web.context.SecurityContextPersistenceFilter@2fec47d, org.springframework.security.web.header.HeaderWriterFilter@1084c6ef, org.springframework.security.web.csrf.CsrfFilter@411095e3, org.springframework.security.web.authentication.logout.LogoutFilter@686d6813, org.springframework.security.web.authentication.UsernamePasswordAuthenticationFilter@51752faa, org.springframework.security.web.authentication.ui.DefaultLoginPageGeneratingFilter@182b37a1, org.springframework.security.web.authentication.ui.DefaultLogoutPageGeneratingFilter@1b7901d6, org.springframework.security.web.authentication.www.BasicAuthenticationFilter@7ee172bb, org.springframework.security.web.savedrequest.RequestCacheAwareFilter@4aa223e5, org.springframework.security.web.servletapi.SecurityContextHolderAwareRequestFilter@204e7bd5, org.springframework.security.web.authentication.AnonymousAuthenticationFilter@6e78cca8, org.springframework.security.web.session.SessionManagementFilter@1132a2a6, org.springframework.security.web.access.ExceptionTranslationFilter@4eea70d9, org.springframework.security.web.access.intercept.FilterSecurityInterceptor@2e0681a]
2024-08-23 19:54:15,462 INFO [restartedMain] o.s.b.d.a.OptionalLiveReloadServer - LiveReload server is running on port 35729
2024-08-23 19:54:15,476 INFO [restartedMain] o.a.c.h.Http11NioProtocol - Starting ProtocolHandler ["http-nio-8686"]
2024-08-23 19:54:15,490 INFO [restartedMain] o.s.b.w.e.t.TomcatWebServer - Tomcat started on port(s): 8686 (http) with context path ''
2024-08-23 19:54:15,500 INFO [restartedMain] o.e.l.LibrarySystemApplication - Started LibrarySystemApplication in 2.648 seconds (JVM running for 4.029)
2024-08-23 19:54:42,694 INFO [http-nio-8686-exec-1] o.a.c.c.C.[.[.[/] - Initializing Spring DispatcherServlet 'dispatcherServlet'
2024-08-23 19:54:42,696 INFO [http-nio-8686-exec-1] o.s.w.s.DispatcherServlet - Initializing Servlet 'dispatcherServlet'
2024-08-23 19:54:42,696 INFO [http-nio-8686-exec-1] o.s.w.s.DispatcherServlet - Completed initialization in 0 ms
2024-08-23 19:55:37,274 INFO [restartedMain] o.e.l.LibrarySystemApplication - Starting LibrarySystemApplication using Java 11 on DESKTOP-IMMUUVL with PID 26280 (D:\ideaproject\library\service\target\classes started by pc in D:\ideaproject\library)
2024-08-23 19:55:37,276 INFO [restartedMain] o.e.l.LibrarySystemApplication - The following 1 profile is active: "dev"
2024-08-23 19:55:37,308 INFO [restartedMain] o.s.b.d.e.DevToolsPropertyDefaultsPostProcessor - Devtools property defaults active! Set 'spring.devtools.add-properties' to 'false' to disable
2024-08-23 19:55:37,308 INFO [restartedMain] o.s.b.d.e.DevToolsPropertyDefaultsPostProcessor - For additional web related logging consider setting the 'logging.level.web' property to 'DEBUG'
2024-08-23 19:55:37,766 INFO [restartedMain] o.s.d.r.c.RepositoryConfigurationDelegate - Multiple Spring Data modules found, entering strict repository configuration mode
2024-08-23 19:55:37,768 INFO [restartedMain] o.s.d.r.c.RepositoryConfigurationDelegate - Bootstrapping Spring Data Redis repositories in DEFAULT mode.
2024-08-23 19:55:37,781 INFO [restartedMain] o.s.d.r.c.RepositoryConfigurationDelegate - Finished Spring Data repository scanning in 4 ms. Found 0 Redis repository interfaces.
2024-08-23 19:55:37,882 WARN [restartedMain] o.m.s.m.ClassPathMapperScanner - No MyBatis mapper was found in '[org.example.librarysystem]' package. Please check your configuration.
2024-08-23 19:55:38,231 INFO [restartedMain] o.s.b.w.e.t.TomcatWebServer - Tomcat initialized with port(s): 8686 (http)
2024-08-23 19:55:38,238 INFO [restartedMain] o.a.c.h.Http11NioProtocol - Initializing ProtocolHandler ["http-nio-8686"]
2024-08-23 19:55:38,238 INFO [restartedMain] o.a.c.c.StandardService - Starting service [Tomcat]
2024-08-23 19:55:38,238 INFO [restartedMain] o.a.c.c.StandardEngine - Starting Servlet engine: [Apache Tomcat/9.0.68]
2024-08-23 19:55:38,291 INFO [restartedMain] o.a.c.c.C.[.[.[/] - Initializing Spring embedded WebApplicationContext
2024-08-23 19:55:38,291 INFO [restartedMain] o.s.b.w.s.c.ServletWebServerApplicationContext - Root WebApplicationContext: initialization completed in 982 ms
2024-08-23 19:55:38,477 INFO [restartedMain] o.s.b.a.w.s.WelcomePageHandlerMapping - Adding welcome page: class path resource [static/index.html]
2024-08-23 19:55:39,438 WARN [restartedMain] o.s.b.a.s.s.UserDetailsServiceAutoConfiguration - 

Using generated security password: b1b114ba-9fd1-457c-8273-b26d1910a8fc

This generated password is for development use only. Your security configuration must be updated before running your application in production.

2024-08-23 19:55:39,513 INFO [restartedMain] o.s.s.w.DefaultSecurityFilterChain - Will secure any request with [org.springframework.security.web.context.request.async.WebAsyncManagerIntegrationFilter@2b8ab94d, org.springframework.security.web.context.SecurityContextPersistenceFilter@3730cfc3, org.springframework.security.web.header.HeaderWriterFilter@48678a54, org.springframework.security.web.csrf.CsrfFilter@9bfe582, org.springframework.security.web.authentication.logout.LogoutFilter@25ba2577, org.springframework.security.web.authentication.UsernamePasswordAuthenticationFilter@5c15026e, org.springframework.security.web.authentication.ui.DefaultLoginPageGeneratingFilter@6f3385e2, org.springframework.security.web.authentication.ui.DefaultLogoutPageGeneratingFilter@1cc39223, org.springframework.security.web.authentication.www.BasicAuthenticationFilter@51ac5c43, org.springframework.security.web.savedrequest.RequestCacheAwareFilter@fb6d6a, org.springframework.security.web.servletapi.SecurityContextHolderAwareRequestFilter@4d811af6, org.springframework.security.web.authentication.AnonymousAuthenticationFilter@2f3e8bbc, org.springframework.security.web.session.SessionManagementFilter@7790f8b7, org.springframework.security.web.access.ExceptionTranslationFilter@8041030, org.springframework.security.web.access.intercept.FilterSecurityInterceptor@76eab1a5]
2024-08-23 19:55:39,572 INFO [restartedMain] o.s.b.d.a.OptionalLiveReloadServer - LiveReload server is running on port 35729
2024-08-23 19:55:39,585 INFO [restartedMain] o.a.c.h.Http11NioProtocol - Starting ProtocolHandler ["http-nio-8686"]
2024-08-23 19:55:39,600 INFO [restartedMain] o.s.b.w.e.t.TomcatWebServer - Tomcat started on port(s): 8686 (http) with context path ''
2024-08-23 19:55:39,610 INFO [restartedMain] o.e.l.LibrarySystemApplication - Started LibrarySystemApplication in 2.627 seconds (JVM running for 4.008)
2024-08-23 19:56:06,060 INFO [http-nio-8686-exec-1] o.a.c.c.C.[.[.[/] - Initializing Spring DispatcherServlet 'dispatcherServlet'
2024-08-23 19:56:06,061 INFO [http-nio-8686-exec-1] o.s.w.s.DispatcherServlet - Initializing Servlet 'dispatcherServlet'
2024-08-23 19:56:06,061 INFO [http-nio-8686-exec-1] o.s.w.s.DispatcherServlet - Completed initialization in 0 ms
2024-08-23 19:57:34,767 INFO [restartedMain] o.e.l.LibrarySystemApplication - Starting LibrarySystemApplication using Java 11 on DESKTOP-IMMUUVL with PID 11572 (D:\ideaproject\library\service\target\classes started by pc in D:\ideaproject\library)
2024-08-23 19:57:34,770 INFO [restartedMain] o.e.l.LibrarySystemApplication - The following 1 profile is active: "dev"
2024-08-23 19:57:34,811 INFO [restartedMain] o.s.b.d.e.DevToolsPropertyDefaultsPostProcessor - Devtools property defaults active! Set 'spring.devtools.add-properties' to 'false' to disable
2024-08-23 19:57:34,811 INFO [restartedMain] o.s.b.d.e.DevToolsPropertyDefaultsPostProcessor - For additional web related logging consider setting the 'logging.level.web' property to 'DEBUG'
2024-08-23 19:57:35,347 INFO [restartedMain] o.s.d.r.c.RepositoryConfigurationDelegate - Multiple Spring Data modules found, entering strict repository configuration mode
2024-08-23 19:57:35,348 INFO [restartedMain] o.s.d.r.c.RepositoryConfigurationDelegate - Bootstrapping Spring Data Redis repositories in DEFAULT mode.
2024-08-23 19:57:35,363 INFO [restartedMain] o.s.d.r.c.RepositoryConfigurationDelegate - Finished Spring Data repository scanning in 4 ms. Found 0 Redis repository interfaces.
2024-08-23 19:57:35,475 WARN [restartedMain] o.m.s.m.ClassPathMapperScanner - No MyBatis mapper was found in '[org.example.librarysystem]' package. Please check your configuration.
2024-08-23 19:57:35,857 INFO [restartedMain] o.s.b.w.e.t.TomcatWebServer - Tomcat initialized with port(s): 8686 (http)
2024-08-23 19:57:35,865 INFO [restartedMain] o.a.c.h.Http11NioProtocol - Initializing ProtocolHandler ["http-nio-8686"]
2024-08-23 19:57:35,866 INFO [restartedMain] o.a.c.c.StandardService - Starting service [Tomcat]
2024-08-23 19:57:35,866 INFO [restartedMain] o.a.c.c.StandardEngine - Starting Servlet engine: [Apache Tomcat/9.0.68]
2024-08-23 19:57:35,923 INFO [restartedMain] o.a.c.c.C.[.[.[/] - Initializing Spring embedded WebApplicationContext
2024-08-23 19:57:35,924 INFO [restartedMain] o.s.b.w.s.c.ServletWebServerApplicationContext - Root WebApplicationContext: initialization completed in 1113 ms
2024-08-23 19:57:36,142 INFO [restartedMain] o.s.b.a.w.s.WelcomePageHandlerMapping - Adding welcome page: class path resource [static/index.html]
2024-08-23 19:57:37,175 WARN [restartedMain] o.s.b.a.s.s.UserDetailsServiceAutoConfiguration - 

Using generated security password: aa9f5cb1-718c-4da1-bd17-3be29097fcf6

This generated password is for development use only. Your security configuration must be updated before running your application in production.

2024-08-23 19:57:37,256 INFO [restartedMain] o.s.s.w.DefaultSecurityFilterChain - Will secure any request with [org.springframework.security.web.context.request.async.WebAsyncManagerIntegrationFilter@7c0f0621, org.springframework.security.web.context.SecurityContextPersistenceFilter@6e75fc40, org.springframework.security.web.header.HeaderWriterFilter@40025eb4, org.springframework.security.web.csrf.CsrfFilter@2267d54e, org.springframework.security.web.authentication.logout.LogoutFilter@7fdb776e, org.springframework.security.web.authentication.UsernamePasswordAuthenticationFilter@7346e6b1, org.springframework.security.web.authentication.ui.DefaultLoginPageGeneratingFilter@440f431c, org.springframework.security.web.authentication.ui.DefaultLogoutPageGeneratingFilter@51b7ebd4, org.springframework.security.web.authentication.www.BasicAuthenticationFilter@3e902de6, org.springframework.security.web.savedrequest.RequestCacheAwareFilter@5dfbcbef, org.springframework.security.web.servletapi.SecurityContextHolderAwareRequestFilter@6684e622, org.springframework.security.web.authentication.AnonymousAuthenticationFilter@6e770319, org.springframework.security.web.session.SessionManagementFilter@413ffe77, org.springframework.security.web.access.ExceptionTranslationFilter@c96110f, org.springframework.security.web.access.intercept.FilterSecurityInterceptor@1d385edc]
2024-08-23 19:57:37,303 INFO [restartedMain] o.s.b.d.a.OptionalLiveReloadServer - LiveReload server is running on port 35729
2024-08-23 19:57:37,332 INFO [restartedMain] o.a.c.h.Http11NioProtocol - Starting ProtocolHandler ["http-nio-8686"]
2024-08-23 19:57:37,347 INFO [restartedMain] o.s.b.w.e.t.TomcatWebServer - Tomcat started on port(s): 8686 (http) with context path ''
2024-08-23 19:57:37,357 INFO [restartedMain] o.e.l.LibrarySystemApplication - Started LibrarySystemApplication in 2.998 seconds (JVM running for 4.305)
2024-08-23 19:57:43,816 INFO [http-nio-8686-exec-1] o.a.c.c.C.[.[.[/] - Initializing Spring DispatcherServlet 'dispatcherServlet'
2024-08-23 19:57:43,816 INFO [http-nio-8686-exec-1] o.s.w.s.DispatcherServlet - Initializing Servlet 'dispatcherServlet'
2024-08-23 19:57:43,817 INFO [http-nio-8686-exec-1] o.s.w.s.DispatcherServlet - Completed initialization in 1 ms
2024-08-23 20:02:02,715 INFO [restartedMain] o.e.l.LibrarySystemApplication - Starting LibrarySystemApplication using Java 11 on DESKTOP-IMMUUVL with PID 27796 (D:\ideaproject\library\service\target\classes started by pc in D:\ideaproject\library)
2024-08-23 20:02:02,718 INFO [restartedMain] o.e.l.LibrarySystemApplication - The following 1 profile is active: "dev"
2024-08-23 20:02:02,758 INFO [restartedMain] o.s.b.d.e.DevToolsPropertyDefaultsPostProcessor - Devtools property defaults active! Set 'spring.devtools.add-properties' to 'false' to disable
2024-08-23 20:02:02,759 INFO [restartedMain] o.s.b.d.e.DevToolsPropertyDefaultsPostProcessor - For additional web related logging consider setting the 'logging.level.web' property to 'DEBUG'
2024-08-23 20:02:03,319 INFO [restartedMain] o.s.d.r.c.RepositoryConfigurationDelegate - Multiple Spring Data modules found, entering strict repository configuration mode
2024-08-23 20:02:03,321 INFO [restartedMain] o.s.d.r.c.RepositoryConfigurationDelegate - Bootstrapping Spring Data Redis repositories in DEFAULT mode.
2024-08-23 20:02:03,344 INFO [restartedMain] o.s.d.r.c.RepositoryConfigurationDelegate - Finished Spring Data repository scanning in 13 ms. Found 0 Redis repository interfaces.
2024-08-23 20:02:03,887 INFO [restartedMain] o.s.b.w.e.t.TomcatWebServer - Tomcat initialized with port(s): 8686 (http)
2024-08-23 20:02:03,894 INFO [restartedMain] o.a.c.h.Http11NioProtocol - Initializing ProtocolHandler ["http-nio-8686"]
2024-08-23 20:02:03,895 INFO [restartedMain] o.a.c.c.StandardService - Starting service [Tomcat]
2024-08-23 20:02:03,895 INFO [restartedMain] o.a.c.c.StandardEngine - Starting Servlet engine: [Apache Tomcat/9.0.68]
2024-08-23 20:02:03,953 INFO [restartedMain] o.a.c.c.C.[.[.[/] - Initializing Spring embedded WebApplicationContext
2024-08-23 20:02:03,953 INFO [restartedMain] o.s.b.w.s.c.ServletWebServerApplicationContext - Root WebApplicationContext: initialization completed in 1193 ms
2024-08-23 20:02:05,168 INFO [restartedMain] o.e.l.u.SpringContextHolder - SpringContextHolder setApplicationContext
2024-08-23 20:02:05,277 INFO [restartedMain] o.s.s.w.DefaultSecurityFilterChain - Will secure any request with [org.springframework.security.web.context.request.async.WebAsyncManagerIntegrationFilter@6ad2b5, org.springframework.security.web.context.SecurityContextPersistenceFilter@55c02d19, org.springframework.security.web.header.HeaderWriterFilter@d692efb, org.springframework.security.web.authentication.logout.LogoutFilter@7612da31, org.example.librarysystem.filter.JwtAuthenticationTokenFilter@183c0ef3, org.springframework.security.web.authentication.UsernamePasswordAuthenticationFilter@133ba738, org.springframework.security.web.savedrequest.RequestCacheAwareFilter@49aa0df9, org.springframework.security.web.servletapi.SecurityContextHolderAwareRequestFilter@69fa6083, org.springframework.security.web.authentication.AnonymousAuthenticationFilter@65841724, org.springframework.security.web.session.SessionManagementFilter@63444349, org.springframework.security.web.access.ExceptionTranslationFilter@7d32e0c0, org.springframework.security.web.access.intercept.FilterSecurityInterceptor@47e1295c]
2024-08-23 20:02:05,441 INFO [restartedMain] o.s.b.a.w.s.WelcomePageHandlerMapping - Adding welcome page: class path resource [static/index.html]
2024-08-23 20:02:05,626 INFO [restartedMain] o.s.b.d.a.OptionalLiveReloadServer - LiveReload server is running on port 35729
2024-08-23 20:02:05,644 INFO [restartedMain] o.a.c.h.Http11NioProtocol - Starting ProtocolHandler ["http-nio-8686"]
2024-08-23 20:02:05,660 INFO [restartedMain] o.s.b.w.e.t.TomcatWebServer - Tomcat started on port(s): 8686 (http) with context path ''
2024-08-23 20:02:05,671 INFO [restartedMain] o.e.l.LibrarySystemApplication - Started LibrarySystemApplication in 3.297 seconds (JVM running for 4.423)
2024-08-23 20:02:27,354 INFO [http-nio-8686-exec-1] o.a.c.c.C.[.[.[/] - Initializing Spring DispatcherServlet 'dispatcherServlet'
2024-08-23 20:02:27,354 INFO [http-nio-8686-exec-1] o.s.w.s.DispatcherServlet - Initializing Servlet 'dispatcherServlet'
2024-08-23 20:02:27,355 INFO [http-nio-8686-exec-1] o.s.w.s.DispatcherServlet - Completed initialization in 1 ms
2024-08-23 20:02:28,341 INFO [http-nio-8686-exec-3] c.z.h.HikariDataSource - HikariPool-1 - Starting...
2024-08-23 20:02:28,496 INFO [http-nio-8686-exec-3] c.z.h.HikariDataSource - HikariPool-1 - Start completed.
2024-08-23 20:02:28,502 DEBUG [http-nio-8686-exec-3] o.e.l.m.U.selectList - ==>  Preparing: SELECT id,user_name,password_hash,role,phone_number,email,gender,create_user,create_time,update_user,update_time FROM user_info WHERE (user_name = ?)
2024-08-23 20:02:28,518 DEBUG [http-nio-8686-exec-3] o.e.l.m.U.selectList - ==> Parameters: admin(String)
2024-08-23 20:02:28,533 DEBUG [http-nio-8686-exec-3] o.e.l.m.U.selectList - <==      Total: 1
2024-08-23 20:02:29,560 INFO [http-nio-8686-exec-3] o.e.l.s.i.UserInfoServiceImpl - 用户admin登录成功
2024-08-23 20:02:29,562 DEBUG [http-nio-8686-exec-3] o.e.l.m.U.selectList - ==>  Preparing: SELECT id,user_name,password_hash,role,phone_number,email,gender,create_user,create_time,update_user,update_time FROM user_info WHERE (user_name = ?)
2024-08-23 20:02:29,563 DEBUG [http-nio-8686-exec-3] o.e.l.m.U.selectList - ==> Parameters: admin(String)
2024-08-23 20:02:29,564 DEBUG [http-nio-8686-exec-3] o.e.l.m.U.selectList - <==      Total: 1
2024-08-23 20:02:29,600 DEBUG [http-nio-8686-exec-5] o.e.l.m.U.selectById - ==>  Preparing: SELECT id,user_name,password_hash,role,phone_number,email,gender,create_user,create_time,update_user,update_time FROM user_info WHERE id=?
2024-08-23 20:02:29,601 DEBUG [http-nio-8686-exec-5] o.e.l.m.U.selectById - ==> Parameters: 1775333336676323330(String)
2024-08-23 20:02:29,602 DEBUG [http-nio-8686-exec-5] o.e.l.m.U.selectById - <==      Total: 1
2024-08-23 20:02:29,746 DEBUG [http-nio-8686-exec-6] o.e.l.m.U.selectById - ==>  Preparing: SELECT id,user_name,password_hash,role,phone_number,email,gender,create_user,create_time,update_user,update_time FROM user_info WHERE id=?
2024-08-23 20:02:29,747 DEBUG [http-nio-8686-exec-6] o.e.l.m.U.selectById - ==> Parameters: 1775333336676323330(String)
2024-08-23 20:02:29,748 DEBUG [http-nio-8686-exec-6] o.e.l.m.U.selectById - <==      Total: 1
2024-08-23 20:02:31,834 DEBUG [http-nio-8686-exec-8] o.e.l.m.B.selectPage_mpCount - ==>  Preparing: SELECT COUNT(*) AS total FROM book_info WHERE (deleted = ?)
2024-08-23 20:02:31,835 DEBUG [http-nio-8686-exec-8] o.e.l.m.B.selectPage_mpCount - ==> Parameters: 0(String)
2024-08-23 20:02:31,836 DEBUG [http-nio-8686-exec-8] o.e.l.m.B.selectPage_mpCount - <==      Total: 1
2024-08-23 20:02:31,838 DEBUG [http-nio-8686-exec-8] o.e.l.m.B.selectPage - ==>  Preparing: SELECT id,title,author,isbn,publication_date,category,price,publisher,stock_quantity,description,coverimage_url,rating,number_of_reviews,shelf_location,deleted,status,create_user,create_time,update_user,update_time FROM book_info WHERE (deleted = ?) ORDER BY create_time DESC LIMIT ?
2024-08-23 20:02:31,839 DEBUG [http-nio-8686-exec-8] o.e.l.m.B.selectPage - ==> Parameters: 0(String), 10(Long)
2024-08-23 20:02:31,841 DEBUG [http-nio-8686-exec-8] o.e.l.m.B.selectPage - <==      Total: 2
2024-08-23 20:02:32,851 DEBUG [http-nio-8686-exec-10] o.e.l.m.U.selectPage_mpCount - ==>  Preparing: SELECT COUNT(*) AS total FROM user_info
2024-08-23 20:02:32,851 DEBUG [http-nio-8686-exec-10] o.e.l.m.U.selectPage_mpCount - ==> Parameters: 
2024-08-23 20:02:32,852 DEBUG [http-nio-8686-exec-10] o.e.l.m.U.selectPage_mpCount - <==      Total: 1
2024-08-23 20:02:32,852 DEBUG [http-nio-8686-exec-10] o.e.l.m.U.selectPage - ==>  Preparing: SELECT id,user_name,password_hash,role,phone_number,email,gender,create_user,create_time,update_user,update_time FROM user_info LIMIT ?
2024-08-23 20:02:32,852 DEBUG [http-nio-8686-exec-10] o.e.l.m.U.selectPage - ==> Parameters: 10(Long)
2024-08-23 20:02:32,854 DEBUG [http-nio-8686-exec-10] o.e.l.m.U.selectPage - <==      Total: 3
